May 13, 2016 1:30:00 PM Log write
INFO: Created Log
May 13, 2016 1:30:01 PM Log write
INFO: Created Server GUI
May 13, 2016 1:30:01 PM Log write
INFO: Received message: Test message please ignore
May 13, 2016 1:30:01 PM Log write
INFO: Error parsing message from client: [Test message please ignore]
May 13, 2016 1:30:09 PM Log write
INFO: Received message: checkIfUserExists@jkansdi@njknasdkan
May 13, 2016 1:30:09 PM Log write
INFO: Received message: createUser@jkansdi@njknasdkan@jknaksd
May 13, 2016 1:30:09 PM Log write
INFO: Created new user: jkansdi njknasdkan jknaksd
May 13, 2016 1:30:09 PM Log write
INFO: Received message: getCurrentItems
May 13, 2016 1:30:18 PM Log write
INFO: Read log file to Server GUI
May 13, 2016 1:30:23 PM Log write
INFO: Read log file to Server GUI
